INFO - 2024-11-09 04:40:20 --> Session: Class initialized using 'CodeIgniter\Session\Handlers\FileHandler' driver.
INFO - 2024-11-09 04:41:22 --> Session: Class initialized using 'CodeIgniter\Session\Handlers\FileHandler' driver.
INFO - 2024-11-09 04:41:32 --> Session: Class initialized using 'CodeIgniter\Session\Handlers\FileHandler' driver.
INFO - 2024-11-09 04:41:32 --> Session: Class initialized using 'CodeIgniter\Session\Handlers\FileHandler' driver.
INFO - 2024-11-09 04:42:07 --> Session: Class initialized using 'CodeIgniter\Session\Handlers\FileHandler' driver.
INFO - 2024-11-09 04:42:10 --> Session: Class initialized using 'CodeIgniter\Session\Handlers\FileHandler' driver.
INFO - 2024-11-09 04:42:29 --> Session: Class initialized using 'CodeIgniter\Session\Handlers\FileHandler' driver.
INFO - 2024-11-09 04:42:29 --> Session: Class initialized using 'CodeIgniter\Session\Handlers\FileHandler' driver.
INFO - 2024-11-09 04:42:31 --> Session: Class initialized using 'CodeIgniter\Session\Handlers\FileHandler' driver.
INFO - 2024-11-09 04:42:34 --> Session: Class initialized using 'CodeIgniter\Session\Handlers\FileHandler' driver.
INFO - 2024-11-09 04:42:35 --> Session: Class initialized using 'CodeIgniter\Session\Handlers\FileHandler' driver.
INFO - 2024-11-09 04:42:38 --> Session: Class initialized using 'CodeIgniter\Session\Handlers\FileHandler' driver.
INFO - 2024-11-09 04:42:42 --> Session: Class initialized using 'CodeIgniter\Session\Handlers\FileHandler' driver.
INFO - 2024-11-09 04:42:43 --> Session: Class initialized using 'CodeIgniter\Session\Handlers\FileHandler' driver.
INFO - 2024-11-09 04:42:47 --> Session: Class initialized using 'CodeIgniter\Session\Handlers\FileHandler' driver.
INFO - 2024-11-09 04:42:49 --> Session: Class initialized using 'CodeIgniter\Session\Handlers\FileHandler' driver.
INFO - 2024-11-09 04:43:54 --> Session: Class initialized using 'CodeIgniter\Session\Handlers\FileHandler' driver.
INFO - 2024-11-09 04:43:58 --> Session: Class initialized using 'CodeIgniter\Session\Handlers\FileHandler' driver.
INFO - 2024-11-09 04:44:00 --> Session: Class initialized using 'CodeIgniter\Session\Handlers\FileHandler' driver.
INFO - 2024-11-09 04:44:01 --> Session: Class initialized using 'CodeIgniter\Session\Handlers\FileHandler' driver.
INFO - 2024-11-09 04:44:02 --> Session: Class initialized using 'CodeIgniter\Session\Handlers\FileHandler' driver.
INFO - 2024-11-09 05:47:12 --> Session: Class initialized using 'CodeIgniter\Session\Handlers\FileHandler' driver.
INFO - 2024-11-09 06:02:12 --> Session: Class initialized using 'CodeIgniter\Session\Handlers\FileHandler' driver.
INFO - 2024-11-09 06:02:22 --> Session: Class initialized using 'CodeIgniter\Session\Handlers\FileHandler' driver.
INFO - 2024-11-09 06:02:22 --> Session: Class initialized using 'CodeIgniter\Session\Handlers\FileHandler' driver.
INFO - 2024-11-09 06:02:25 --> Session: Class initialized using 'CodeIgniter\Session\Handlers\FileHandler' driver.
INFO - 2024-11-09 06:02:37 --> Session: Class initialized using 'CodeIgniter\Session\Handlers\FileHandler' driver.
INFO - 2024-11-09 06:02:37 --> Session: Class initialized using 'CodeIgniter\Session\Handlers\FileHandler' driver.
INFO - 2024-11-09 06:02:39 --> Session: Class initialized using 'CodeIgniter\Session\Handlers\FileHandler' driver.
INFO - 2024-11-09 06:02:40 --> Session: Class initialized using 'CodeIgniter\Session\Handlers\FileHandler' driver.
INFO - 2024-11-09 06:02:49 --> Session: Class initialized using 'CodeIgniter\Session\Handlers\FileHandler' driver.
INFO - 2024-11-09 06:02:52 --> Session: Class initialized using 'CodeIgniter\Session\Handlers\FileHandler' driver.
INFO - 2024-11-09 06:05:22 --> Session: Class initialized using 'CodeIgniter\Session\Handlers\FileHandler' driver.
INFO - 2024-11-09 06:14:41 --> Session: Class initialized using 'CodeIgniter\Session\Handlers\FileHandler' driver.
INFO - 2024-11-09 06:44:04 --> Session: Class initialized using 'CodeIgniter\Session\Handlers\FileHandler' driver.
INFO - 2024-11-09 06:44:20 --> Session: Class initialized using 'CodeIgniter\Session\Handlers\FileHandler' driver.
INFO - 2024-11-09 06:44:21 --> Session: Class initialized using 'CodeIgniter\Session\Handlers\FileHandler' driver.
INFO - 2024-11-09 06:45:33 --> Session: Class initialized using 'CodeIgniter\Session\Handlers\FileHandler' driver.
INFO - 2024-11-09 06:45:35 --> Session: Class initialized using 'CodeIgniter\Session\Handlers\FileHandler' driver.
INFO - 2024-11-09 06:45:35 --> Session: Class initialized using 'CodeIgniter\Session\Handlers\FileHandler' driver.
INFO - 2024-11-09 06:45:38 --> Session: Class initialized using 'CodeIgniter\Session\Handlers\FileHandler' driver.
INFO - 2024-11-09 06:45:38 --> Session: Class initialized using 'CodeIgniter\Session\Handlers\FileHandler' driver.
INFO - 2024-11-09 06:45:40 --> Session: Class initialized using 'CodeIgniter\Session\Handlers\FileHandler' driver.
INFO - 2024-11-09 06:45:47 --> Session: Class initialized using 'CodeIgniter\Session\Handlers\FileHandler' driver.
INFO - 2024-11-09 06:45:47 --> Session: Class initialized using 'CodeIgniter\Session\Handlers\FileHandler' driver.
INFO - 2024-11-09 06:45:49 --> Session: Class initialized using 'CodeIgniter\Session\Handlers\FileHandler' driver.
INFO - 2024-11-09 06:45:57 --> Session: Class initialized using 'CodeIgniter\Session\Handlers\FileHandler' driver.
INFO - 2024-11-09 06:46:00 --> Session: Class initialized using 'CodeIgniter\Session\Handlers\FileHandler' driver.
INFO - 2024-11-09 06:51:14 --> Session: Class initialized using 'CodeIgniter\Session\Handlers\FileHandler' driver.
INFO - 2024-11-09 06:51:24 --> Session: Class initialized using 'CodeIgniter\Session\Handlers\FileHandler' driver.
INFO - 2024-11-09 06:51:53 --> Session: Class initialized using 'CodeIgniter\Session\Handlers\FileHandler' driver.
INFO - 2024-11-09 06:51:54 --> Session: Class initialized using 'CodeIgniter\Session\Handlers\FileHandler' driver.
INFO - 2024-11-09 06:52:19 --> Session: Class initialized using 'CodeIgniter\Session\Handlers\FileHandler' driver.
INFO - 2024-11-09 06:52:19 --> Session: Class initialized using 'CodeIgniter\Session\Handlers\FileHandler' driver.
INFO - 2024-11-09 06:52:22 --> Session: Class initialized using 'CodeIgniter\Session\Handlers\FileHandler' driver.
INFO - 2024-11-09 06:52:22 --> Session: Class initialized using 'CodeIgniter\Session\Handlers\FileHandler' driver.
INFO - 2024-11-09 06:52:36 --> Session: Class initialized using 'CodeIgniter\Session\Handlers\FileHandler' driver.
INFO - 2024-11-09 06:52:58 --> Session: Class initialized using 'CodeIgniter\Session\Handlers\FileHandler' driver.
INFO - 2024-11-09 06:52:58 --> Session: Class initialized using 'CodeIgniter\Session\Handlers\FileHandler' driver.
INFO - 2024-11-09 06:53:00 --> Session: Class initialized using 'CodeIgniter\Session\Handlers\FileHandler' driver.
INFO - 2024-11-09 06:53:56 --> Session: Class initialized using 'CodeIgniter\Session\Handlers\FileHandler' driver.
INFO - 2024-11-09 06:53:57 --> Session: Class initialized using 'CodeIgniter\Session\Handlers\FileHandler' driver.
INFO - 2024-11-09 06:55:11 --> Session: Class initialized using 'CodeIgniter\Session\Handlers\FileHandler' driver.
INFO - 2024-11-09 06:55:12 --> Session: Class initialized using 'CodeIgniter\Session\Handlers\FileHandler' driver.
INFO - 2024-11-09 07:11:32 --> Session: Class initialized using 'CodeIgniter\Session\Handlers\FileHandler' driver.
CRITICAL - 2024-11-09 07:11:32 --> BadMethodCallException: Call to undefined method App\Models\CartModel::getProductsWithImages
[Method: GET, Route: keranjang]
in SYSTEMPATH\Model.php on line 932.
 1 APPPATH\Controllers\LoginUsers.php(351): CodeIgniter\Model->__call('getProductsWithImages', [])
 2 SYSTEMPATH\CodeIgniter.php(933): App\Controllers\LoginUsers->keranjang()
 3 SYSTEMPATH\CodeIgniter.php(509): CodeIgniter\CodeIgniter->runController(Object(App\Controllers\LoginUsers))
 4 SYSTEMPATH\CodeIgniter.php(355): CodeIgniter\CodeIgniter->handleRequest(null, Object(Config\Cache), false)
 5 SYSTEMPATH\Boot.php(325): CodeIgniter\CodeIgniter->run()
 6 SYSTEMPATH\Boot.php(67): CodeIgniter\Boot::runCodeIgniter(Object(CodeIgniter\CodeIgniter))
 7 FCPATH\index.php(56): CodeIgniter\Boot::bootWeb(Object(Config\Paths))
 8 SYSTEMPATH\rewrite.php(44): require_once('C:\\xampp 8.1.6\\htdocs\\WEB2\\e-commerce\\public\\index.php')
INFO - 2024-11-09 07:17:50 --> Session: Class initialized using 'CodeIgniter\Session\Handlers\FileHandler' driver.
CRITICAL - 2024-11-09 07:17:50 --> ErrorException: Undefined variable $cartItems
[Method: GET, Route: keranjang]
in APPPATH\Views\user\keranjang.php on line 290.
 1 APPPATH\Views\user\keranjang.php(290): CodeIgniter\Debug\Exceptions->errorHandler(2, 'Undefined variable $cartItems', 'C:\\xampp 8.1.6\\htdocs\\WEB2\\e-commerce\\app\\Views\\user\\keranjang.php', 290)
 2 SYSTEMPATH\View\View.php(234): include('C:\\xampp 8.1.6\\htdocs\\WEB2\\e-commerce\\app\\Views\\user\\keranjang.php')
 3 SYSTEMPATH\View\View.php(237): CodeIgniter\View\View->CodeIgniter\View\{closure}()
 4 SYSTEMPATH\Common.php(1171): CodeIgniter\View\View->render('user/keranjang', [], true)
 5 APPPATH\Controllers\LoginUsers.php(358): view('user/keranjang', [...])
 6 SYSTEMPATH\CodeIgniter.php(933): App\Controllers\LoginUsers->keranjang()
 7 SYSTEMPATH\CodeIgniter.php(509): CodeIgniter\CodeIgniter->runController(Object(App\Controllers\LoginUsers))
 8 SYSTEMPATH\CodeIgniter.php(355): CodeIgniter\CodeIgniter->handleRequest(null, Object(Config\Cache), false)
 9 SYSTEMPATH\Boot.php(325): CodeIgniter\CodeIgniter->run()
10 SYSTEMPATH\Boot.php(67): CodeIgniter\Boot::runCodeIgniter(Object(CodeIgniter\CodeIgniter))
11 FCPATH\index.php(56): CodeIgniter\Boot::bootWeb(Object(Config\Paths))
12 SYSTEMPATH\rewrite.php(44): require_once('C:\\xampp 8.1.6\\htdocs\\WEB2\\e-commerce\\public\\index.php')
INFO - 2024-11-09 07:17:50 --> Session: Class initialized using 'CodeIgniter\Session\Handlers\FileHandler' driver.
CRITICAL - 2024-11-09 07:17:50 --> ErrorException: Undefined variable $cartItems
[Method: GET, Route: keranjang]
in APPPATH\Views\user\keranjang.php on line 290.
 1 APPPATH\Views\user\keranjang.php(290): CodeIgniter\Debug\Exceptions->errorHandler(2, 'Undefined variable $cartItems', 'C:\\xampp 8.1.6\\htdocs\\WEB2\\e-commerce\\app\\Views\\user\\keranjang.php', 290)
 2 SYSTEMPATH\View\View.php(234): include('C:\\xampp 8.1.6\\htdocs\\WEB2\\e-commerce\\app\\Views\\user\\keranjang.php')
 3 SYSTEMPATH\View\View.php(237): CodeIgniter\View\View->CodeIgniter\View\{closure}()
 4 SYSTEMPATH\Common.php(1171): CodeIgniter\View\View->render('user/keranjang', [], true)
 5 APPPATH\Controllers\LoginUsers.php(358): view('user/keranjang', [...])
 6 SYSTEMPATH\CodeIgniter.php(933): App\Controllers\LoginUsers->keranjang()
 7 SYSTEMPATH\CodeIgniter.php(509): CodeIgniter\CodeIgniter->runController(Object(App\Controllers\LoginUsers))
 8 SYSTEMPATH\CodeIgniter.php(355): CodeIgniter\CodeIgniter->handleRequest(null, Object(Config\Cache), false)
 9 SYSTEMPATH\Boot.php(325): CodeIgniter\CodeIgniter->run()
10 SYSTEMPATH\Boot.php(67): CodeIgniter\Boot::runCodeIgniter(Object(CodeIgniter\CodeIgniter))
11 FCPATH\index.php(56): CodeIgniter\Boot::bootWeb(Object(Config\Paths))
12 SYSTEMPATH\rewrite.php(44): require_once('C:\\xampp 8.1.6\\htdocs\\WEB2\\e-commerce\\public\\index.php')
INFO - 2024-11-09 07:18:06 --> Session: Class initialized using 'CodeIgniter\Session\Handlers\FileHandler' driver.
CRITICAL - 2024-11-09 07:18:06 --> ErrorException: Undefined variable $completeCartItems
[Method: GET, Route: keranjang]
in APPPATH\Views\user\keranjang.php on line 290.
 1 APPPATH\Views\user\keranjang.php(290): CodeIgniter\Debug\Exceptions->errorHandler(2, 'Undefined variable $completeCartItems', 'C:\\xampp 8.1.6\\htdocs\\WEB2\\e-commerce\\app\\Views\\user\\keranjang.php', 290)
 2 SYSTEMPATH\View\View.php(234): include('C:\\xampp 8.1.6\\htdocs\\WEB2\\e-commerce\\app\\Views\\user\\keranjang.php')
 3 SYSTEMPATH\View\View.php(237): CodeIgniter\View\View->CodeIgniter\View\{closure}()
 4 SYSTEMPATH\Common.php(1171): CodeIgniter\View\View->render('user/keranjang', [], true)
 5 APPPATH\Controllers\LoginUsers.php(358): view('user/keranjang', [...])
 6 SYSTEMPATH\CodeIgniter.php(933): App\Controllers\LoginUsers->keranjang()
 7 SYSTEMPATH\CodeIgniter.php(509): CodeIgniter\CodeIgniter->runController(Object(App\Controllers\LoginUsers))
 8 SYSTEMPATH\CodeIgniter.php(355): CodeIgniter\CodeIgniter->handleRequest(null, Object(Config\Cache), false)
 9 SYSTEMPATH\Boot.php(325): CodeIgniter\CodeIgniter->run()
10 SYSTEMPATH\Boot.php(67): CodeIgniter\Boot::runCodeIgniter(Object(CodeIgniter\CodeIgniter))
11 FCPATH\index.php(56): CodeIgniter\Boot::bootWeb(Object(Config\Paths))
12 SYSTEMPATH\rewrite.php(44): require_once('C:\\xampp 8.1.6\\htdocs\\WEB2\\e-commerce\\public\\index.php')
INFO - 2024-11-09 07:18:06 --> Session: Class initialized using 'CodeIgniter\Session\Handlers\FileHandler' driver.
CRITICAL - 2024-11-09 07:18:06 --> ErrorException: Undefined variable $completeCartItems
[Method: GET, Route: keranjang]
in APPPATH\Views\user\keranjang.php on line 290.
 1 APPPATH\Views\user\keranjang.php(290): CodeIgniter\Debug\Exceptions->errorHandler(2, 'Undefined variable $completeCartItems', 'C:\\xampp 8.1.6\\htdocs\\WEB2\\e-commerce\\app\\Views\\user\\keranjang.php', 290)
 2 SYSTEMPATH\View\View.php(234): include('C:\\xampp 8.1.6\\htdocs\\WEB2\\e-commerce\\app\\Views\\user\\keranjang.php')
 3 SYSTEMPATH\View\View.php(237): CodeIgniter\View\View->CodeIgniter\View\{closure}()
 4 SYSTEMPATH\Common.php(1171): CodeIgniter\View\View->render('user/keranjang', [], true)
 5 APPPATH\Controllers\LoginUsers.php(358): view('user/keranjang', [...])
 6 SYSTEMPATH\CodeIgniter.php(933): App\Controllers\LoginUsers->keranjang()
 7 SYSTEMPATH\CodeIgniter.php(509): CodeIgniter\CodeIgniter->runController(Object(App\Controllers\LoginUsers))
 8 SYSTEMPATH\CodeIgniter.php(355): CodeIgniter\CodeIgniter->handleRequest(null, Object(Config\Cache), false)
 9 SYSTEMPATH\Boot.php(325): CodeIgniter\CodeIgniter->run()
10 SYSTEMPATH\Boot.php(67): CodeIgniter\Boot::runCodeIgniter(Object(CodeIgniter\CodeIgniter))
11 FCPATH\index.php(56): CodeIgniter\Boot::bootWeb(Object(Config\Paths))
12 SYSTEMPATH\rewrite.php(44): require_once('C:\\xampp 8.1.6\\htdocs\\WEB2\\e-commerce\\public\\index.php')
INFO - 2024-11-09 07:18:43 --> Session: Class initialized using 'CodeIgniter\Session\Handlers\FileHandler' driver.
CRITICAL - 2024-11-09 07:18:43 --> ErrorException: Undefined variable $cartItem
[Method: GET, Route: keranjang]
in APPPATH\Views\user\keranjang.php on line 290.
 1 APPPATH\Views\user\keranjang.php(290): CodeIgniter\Debug\Exceptions->errorHandler(2, 'Undefined variable $cartItem', 'C:\\xampp 8.1.6\\htdocs\\WEB2\\e-commerce\\app\\Views\\user\\keranjang.php', 290)
 2 SYSTEMPATH\View\View.php(234): include('C:\\xampp 8.1.6\\htdocs\\WEB2\\e-commerce\\app\\Views\\user\\keranjang.php')
 3 SYSTEMPATH\View\View.php(237): CodeIgniter\View\View->CodeIgniter\View\{closure}()
 4 SYSTEMPATH\Common.php(1171): CodeIgniter\View\View->render('user/keranjang', [], true)
 5 APPPATH\Controllers\LoginUsers.php(358): view('user/keranjang', [...])
 6 SYSTEMPATH\CodeIgniter.php(933): App\Controllers\LoginUsers->keranjang()
 7 SYSTEMPATH\CodeIgniter.php(509): CodeIgniter\CodeIgniter->runController(Object(App\Controllers\LoginUsers))
 8 SYSTEMPATH\CodeIgniter.php(355): CodeIgniter\CodeIgniter->handleRequest(null, Object(Config\Cache), false)
 9 SYSTEMPATH\Boot.php(325): CodeIgniter\CodeIgniter->run()
10 SYSTEMPATH\Boot.php(67): CodeIgniter\Boot::runCodeIgniter(Object(CodeIgniter\CodeIgniter))
11 FCPATH\index.php(56): CodeIgniter\Boot::bootWeb(Object(Config\Paths))
12 SYSTEMPATH\rewrite.php(44): require_once('C:\\xampp 8.1.6\\htdocs\\WEB2\\e-commerce\\public\\index.php')
INFO - 2024-11-09 07:18:44 --> Session: Class initialized using 'CodeIgniter\Session\Handlers\FileHandler' driver.
CRITICAL - 2024-11-09 07:18:44 --> ErrorException: Undefined variable $cartItem
[Method: GET, Route: keranjang]
in APPPATH\Views\user\keranjang.php on line 290.
 1 APPPATH\Views\user\keranjang.php(290): CodeIgniter\Debug\Exceptions->errorHandler(2, 'Undefined variable $cartItem', 'C:\\xampp 8.1.6\\htdocs\\WEB2\\e-commerce\\app\\Views\\user\\keranjang.php', 290)
 2 SYSTEMPATH\View\View.php(234): include('C:\\xampp 8.1.6\\htdocs\\WEB2\\e-commerce\\app\\Views\\user\\keranjang.php')
 3 SYSTEMPATH\View\View.php(237): CodeIgniter\View\View->CodeIgniter\View\{closure}()
 4 SYSTEMPATH\Common.php(1171): CodeIgniter\View\View->render('user/keranjang', [], true)
 5 APPPATH\Controllers\LoginUsers.php(358): view('user/keranjang', [...])
 6 SYSTEMPATH\CodeIgniter.php(933): App\Controllers\LoginUsers->keranjang()
 7 SYSTEMPATH\CodeIgniter.php(509): CodeIgniter\CodeIgniter->runController(Object(App\Controllers\LoginUsers))
 8 SYSTEMPATH\CodeIgniter.php(355): CodeIgniter\CodeIgniter->handleRequest(null, Object(Config\Cache), false)
 9 SYSTEMPATH\Boot.php(325): CodeIgniter\CodeIgniter->run()
10 SYSTEMPATH\Boot.php(67): CodeIgniter\Boot::runCodeIgniter(Object(CodeIgniter\CodeIgniter))
11 FCPATH\index.php(56): CodeIgniter\Boot::bootWeb(Object(Config\Paths))
12 SYSTEMPATH\rewrite.php(44): require_once('C:\\xampp 8.1.6\\htdocs\\WEB2\\e-commerce\\public\\index.php')
INFO - 2024-11-09 07:18:44 --> Session: Class initialized using 'CodeIgniter\Session\Handlers\FileHandler' driver.
CRITICAL - 2024-11-09 07:18:44 --> ErrorException: Undefined variable $cartItem
[Method: GET, Route: keranjang]
in APPPATH\Views\user\keranjang.php on line 290.
 1 APPPATH\Views\user\keranjang.php(290): CodeIgniter\Debug\Exceptions->errorHandler(2, 'Undefined variable $cartItem', 'C:\\xampp 8.1.6\\htdocs\\WEB2\\e-commerce\\app\\Views\\user\\keranjang.php', 290)
 2 SYSTEMPATH\View\View.php(234): include('C:\\xampp 8.1.6\\htdocs\\WEB2\\e-commerce\\app\\Views\\user\\keranjang.php')
 3 SYSTEMPATH\View\View.php(237): CodeIgniter\View\View->CodeIgniter\View\{closure}()
 4 SYSTEMPATH\Common.php(1171): CodeIgniter\View\View->render('user/keranjang', [], true)
 5 APPPATH\Controllers\LoginUsers.php(358): view('user/keranjang', [...])
 6 SYSTEMPATH\CodeIgniter.php(933): App\Controllers\LoginUsers->keranjang()
 7 SYSTEMPATH\CodeIgniter.php(509): CodeIgniter\CodeIgniter->runController(Object(App\Controllers\LoginUsers))
 8 SYSTEMPATH\CodeIgniter.php(355): CodeIgniter\CodeIgniter->handleRequest(null, Object(Config\Cache), false)
 9 SYSTEMPATH\Boot.php(325): CodeIgniter\CodeIgniter->run()
10 SYSTEMPATH\Boot.php(67): CodeIgniter\Boot::runCodeIgniter(Object(CodeIgniter\CodeIgniter))
11 FCPATH\index.php(56): CodeIgniter\Boot::bootWeb(Object(Config\Paths))
12 SYSTEMPATH\rewrite.php(44): require_once('C:\\xampp 8.1.6\\htdocs\\WEB2\\e-commerce\\public\\index.php')
INFO - 2024-11-09 07:18:44 --> Session: Class initialized using 'CodeIgniter\Session\Handlers\FileHandler' driver.
CRITICAL - 2024-11-09 07:18:44 --> ErrorException: Undefined variable $cartItem
[Method: GET, Route: keranjang]
in APPPATH\Views\user\keranjang.php on line 290.
 1 APPPATH\Views\user\keranjang.php(290): CodeIgniter\Debug\Exceptions->errorHandler(2, 'Undefined variable $cartItem', 'C:\\xampp 8.1.6\\htdocs\\WEB2\\e-commerce\\app\\Views\\user\\keranjang.php', 290)
 2 SYSTEMPATH\View\View.php(234): include('C:\\xampp 8.1.6\\htdocs\\WEB2\\e-commerce\\app\\Views\\user\\keranjang.php')
 3 SYSTEMPATH\View\View.php(237): CodeIgniter\View\View->CodeIgniter\View\{closure}()
 4 SYSTEMPATH\Common.php(1171): CodeIgniter\View\View->render('user/keranjang', [], true)
 5 APPPATH\Controllers\LoginUsers.php(358): view('user/keranjang', [...])
 6 SYSTEMPATH\CodeIgniter.php(933): App\Controllers\LoginUsers->keranjang()
 7 SYSTEMPATH\CodeIgniter.php(509): CodeIgniter\CodeIgniter->runController(Object(App\Controllers\LoginUsers))
 8 SYSTEMPATH\CodeIgniter.php(355): CodeIgniter\CodeIgniter->handleRequest(null, Object(Config\Cache), false)
 9 SYSTEMPATH\Boot.php(325): CodeIgniter\CodeIgniter->run()
10 SYSTEMPATH\Boot.php(67): CodeIgniter\Boot::runCodeIgniter(Object(CodeIgniter\CodeIgniter))
11 FCPATH\index.php(56): CodeIgniter\Boot::bootWeb(Object(Config\Paths))
12 SYSTEMPATH\rewrite.php(44): require_once('C:\\xampp 8.1.6\\htdocs\\WEB2\\e-commerce\\public\\index.php')
INFO - 2024-11-09 07:19:28 --> Session: Class initialized using 'CodeIgniter\Session\Handlers\FileHandler' driver.
CRITICAL - 2024-11-09 07:19:28 --> ErrorException: Undefined variable $cartItem
[Method: GET, Route: keranjang]
in APPPATH\Views\user\keranjang.php on line 290.
 1 APPPATH\Views\user\keranjang.php(290): CodeIgniter\Debug\Exceptions->errorHandler(2, 'Undefined variable $cartItem', 'C:\\xampp 8.1.6\\htdocs\\WEB2\\e-commerce\\app\\Views\\user\\keranjang.php', 290)
 2 SYSTEMPATH\View\View.php(234): include('C:\\xampp 8.1.6\\htdocs\\WEB2\\e-commerce\\app\\Views\\user\\keranjang.php')
 3 SYSTEMPATH\View\View.php(237): CodeIgniter\View\View->CodeIgniter\View\{closure}()
 4 SYSTEMPATH\Common.php(1171): CodeIgniter\View\View->render('user/keranjang', [], true)
 5 APPPATH\Controllers\LoginUsers.php(358): view('user/keranjang', [...])
 6 SYSTEMPATH\CodeIgniter.php(933): App\Controllers\LoginUsers->keranjang()
 7 SYSTEMPATH\CodeIgniter.php(509): CodeIgniter\CodeIgniter->runController(Object(App\Controllers\LoginUsers))
 8 SYSTEMPATH\CodeIgniter.php(355): CodeIgniter\CodeIgniter->handleRequest(null, Object(Config\Cache), false)
 9 SYSTEMPATH\Boot.php(325): CodeIgniter\CodeIgniter->run()
10 SYSTEMPATH\Boot.php(67): CodeIgniter\Boot::runCodeIgniter(Object(CodeIgniter\CodeIgniter))
11 FCPATH\index.php(56): CodeIgniter\Boot::bootWeb(Object(Config\Paths))
12 SYSTEMPATH\rewrite.php(44): require_once('C:\\xampp 8.1.6\\htdocs\\WEB2\\e-commerce\\public\\index.php')
INFO - 2024-11-09 07:19:29 --> Session: Class initialized using 'CodeIgniter\Session\Handlers\FileHandler' driver.
INFO - 2024-11-09 07:19:29 --> Session: Class initialized using 'CodeIgniter\Session\Handlers\FileHandler' driver.
INFO - 2024-11-09 07:19:29 --> Session: Class initialized using 'CodeIgniter\Session\Handlers\FileHandler' driver.
INFO - 2024-11-09 07:19:30 --> Session: Class initialized using 'CodeIgniter\Session\Handlers\FileHandler' driver.
INFO - 2024-11-09 07:19:30 --> Session: Class initialized using 'CodeIgniter\Session\Handlers\FileHandler' driver.
INFO - 2024-11-09 07:19:30 --> Session: Class initialized using 'CodeIgniter\Session\Handlers\FileHandler' driver.
INFO - 2024-11-09 07:19:31 --> Session: Class initialized using 'CodeIgniter\Session\Handlers\FileHandler' driver.
INFO - 2024-11-09 07:19:32 --> Session: Class initialized using 'CodeIgniter\Session\Handlers\FileHandler' driver.
INFO - 2024-11-09 07:19:32 --> Session: Class initialized using 'CodeIgniter\Session\Handlers\FileHandler' driver.
INFO - 2024-11-09 07:20:36 --> Session: Class initialized using 'CodeIgniter\Session\Handlers\FileHandler' driver.
INFO - 2024-11-09 07:20:36 --> Session: Class initialized using 'CodeIgniter\Session\Handlers\FileHandler' driver.
INFO - 2024-11-09 07:20:36 --> Session: Class initialized using 'CodeIgniter\Session\Handlers\FileHandler' driver.
INFO - 2024-11-09 07:20:36 --> Session: Class initialized using 'CodeIgniter\Session\Handlers\FileHandler' driver.
INFO - 2024-11-09 07:20:37 --> Session: Class initialized using 'CodeIgniter\Session\Handlers\FileHandler' driver.
INFO - 2024-11-09 07:20:37 --> Session: Class initialized using 'CodeIgniter\Session\Handlers\FileHandler' driver.
INFO - 2024-11-09 07:20:42 --> Session: Class initialized using 'CodeIgniter\Session\Handlers\FileHandler' driver.
INFO - 2024-11-09 07:20:42 --> Session: Class initialized using 'CodeIgniter\Session\Handlers\FileHandler' driver.
INFO - 2024-11-09 07:20:42 --> Session: Class initialized using 'CodeIgniter\Session\Handlers\FileHandler' driver.
INFO - 2024-11-09 07:20:43 --> Session: Class initialized using 'CodeIgniter\Session\Handlers\FileHandler' driver.
INFO - 2024-11-09 07:20:43 --> Session: Class initialized using 'CodeIgniter\Session\Handlers\FileHandler' driver.
INFO - 2024-11-09 07:20:43 --> Session: Class initialized using 'CodeIgniter\Session\Handlers\FileHandler' driver.
INFO - 2024-11-09 07:20:51 --> Session: Class initialized using 'CodeIgniter\Session\Handlers\FileHandler' driver.
CRITICAL - 2024-11-09 07:20:51 --> ErrorException: Undefined variable $cartItem
[Method: GET, Route: keranjang]
in APPPATH\Views\user\keranjang.php on line 290.
 1 APPPATH\Views\user\keranjang.php(290): CodeIgniter\Debug\Exceptions->errorHandler(2, 'Undefined variable $cartItem', 'C:\\xampp 8.1.6\\htdocs\\WEB2\\e-commerce\\app\\Views\\user\\keranjang.php', 290)
 2 SYSTEMPATH\View\View.php(234): include('C:\\xampp 8.1.6\\htdocs\\WEB2\\e-commerce\\app\\Views\\user\\keranjang.php')
 3 SYSTEMPATH\View\View.php(237): CodeIgniter\View\View->CodeIgniter\View\{closure}()
 4 SYSTEMPATH\Common.php(1171): CodeIgniter\View\View->render('user/keranjang', [], true)
 5 APPPATH\Controllers\LoginUsers.php(358): view('user/keranjang', [...])
 6 SYSTEMPATH\CodeIgniter.php(933): App\Controllers\LoginUsers->keranjang()
 7 SYSTEMPATH\CodeIgniter.php(509): CodeIgniter\CodeIgniter->runController(Object(App\Controllers\LoginUsers))
 8 SYSTEMPATH\CodeIgniter.php(355): CodeIgniter\CodeIgniter->handleRequest(null, Object(Config\Cache), false)
 9 SYSTEMPATH\Boot.php(325): CodeIgniter\CodeIgniter->run()
10 SYSTEMPATH\Boot.php(67): CodeIgniter\Boot::runCodeIgniter(Object(CodeIgniter\CodeIgniter))
11 FCPATH\index.php(56): CodeIgniter\Boot::bootWeb(Object(Config\Paths))
12 SYSTEMPATH\rewrite.php(44): require_once('C:\\xampp 8.1.6\\htdocs\\WEB2\\e-commerce\\public\\index.php')
INFO - 2024-11-09 07:21:09 --> Session: Class initialized using 'CodeIgniter\Session\Handlers\FileHandler' driver.
INFO - 2024-11-09 07:21:11 --> Session: Class initialized using 'CodeIgniter\Session\Handlers\FileHandler' driver.
INFO - 2024-11-09 07:21:11 --> Session: Class initialized using 'CodeIgniter\Session\Handlers\FileHandler' driver.
INFO - 2024-11-09 07:21:11 --> Session: Class initialized using 'CodeIgniter\Session\Handlers\FileHandler' driver.
INFO - 2024-11-09 07:21:11 --> Session: Class initialized using 'CodeIgniter\Session\Handlers\FileHandler' driver.
INFO - 2024-11-09 07:21:11 --> Session: Class initialized using 'CodeIgniter\Session\Handlers\FileHandler' driver.
INFO - 2024-11-09 07:21:11 --> Session: Class initialized using 'CodeIgniter\Session\Handlers\FileHandler' driver.
INFO - 2024-11-09 07:21:14 --> Session: Class initialized using 'CodeIgniter\Session\Handlers\FileHandler' driver.
INFO - 2024-11-09 07:21:15 --> Session: Class initialized using 'CodeIgniter\Session\Handlers\FileHandler' driver.
INFO - 2024-11-09 07:21:15 --> Session: Class initialized using 'CodeIgniter\Session\Handlers\FileHandler' driver.
INFO - 2024-11-09 07:21:15 --> Session: Class initialized using 'CodeIgniter\Session\Handlers\FileHandler' driver.
INFO - 2024-11-09 07:28:02 --> Session: Class initialized using 'CodeIgniter\Session\Handlers\FileHandler' driver.
INFO - 2024-11-09 07:28:04 --> Session: Class initialized using 'CodeIgniter\Session\Handlers\FileHandler' driver.
INFO - 2024-11-09 07:28:11 --> Session: Class initialized using 'CodeIgniter\Session\Handlers\FileHandler' driver.
INFO - 2024-11-09 07:28:11 --> Session: Class initialized using 'CodeIgniter\Session\Handlers\FileHandler' driver.
INFO - 2024-11-09 07:28:11 --> Session: Class initialized using 'CodeIgniter\Session\Handlers\FileHandler' driver.
INFO - 2024-11-09 07:28:26 --> Session: Class initialized using 'CodeIgniter\Session\Handlers\FileHandler' driver.
INFO - 2024-11-09 07:28:28 --> Session: Class initialized using 'CodeIgniter\Session\Handlers\FileHandler' driver.
INFO - 2024-11-09 07:28:28 --> Session: Class initialized using 'CodeIgniter\Session\Handlers\FileHandler' driver.
INFO - 2024-11-09 07:28:29 --> Session: Class initialized using 'CodeIgniter\Session\Handlers\FileHandler' driver.
INFO - 2024-11-09 07:28:29 --> Session: Class initialized using 'CodeIgniter\Session\Handlers\FileHandler' driver.
INFO - 2024-11-09 07:28:29 --> Session: Class initialized using 'CodeIgniter\Session\Handlers\FileHandler' driver.
INFO - 2024-11-09 07:28:29 --> Session: Class initialized using 'CodeIgniter\Session\Handlers\FileHandler' driver.
INFO - 2024-11-09 07:28:33 --> Session: Class initialized using 'CodeIgniter\Session\Handlers\FileHandler' driver.
INFO - 2024-11-09 07:28:35 --> Session: Class initialized using 'CodeIgniter\Session\Handlers\FileHandler' driver.
INFO - 2024-11-09 07:28:35 --> Session: Class initialized using 'CodeIgniter\Session\Handlers\FileHandler' driver.
INFO - 2024-11-09 07:28:35 --> Session: Class initialized using 'CodeIgniter\Session\Handlers\FileHandler' driver.
INFO - 2024-11-09 07:29:54 --> Session: Class initialized using 'CodeIgniter\Session\Handlers\FileHandler' driver.
INFO - 2024-11-09 07:29:56 --> Session: Class initialized using 'CodeIgniter\Session\Handlers\FileHandler' driver.
INFO - 2024-11-09 07:29:56 --> Session: Class initialized using 'CodeIgniter\Session\Handlers\FileHandler' driver.
INFO - 2024-11-09 07:29:57 --> Session: Class initialized using 'CodeIgniter\Session\Handlers\FileHandler' driver.
INFO - 2024-11-09 07:29:57 --> Session: Class initialized using 'CodeIgniter\Session\Handlers\FileHandler' driver.
INFO - 2024-11-09 07:29:57 --> Session: Class initialized using 'CodeIgniter\Session\Handlers\FileHandler' driver.
INFO - 2024-11-09 07:29:58 --> Session: Class initialized using 'CodeIgniter\Session\Handlers\FileHandler' driver.
INFO - 2024-11-09 07:29:58 --> Session: Class initialized using 'CodeIgniter\Session\Handlers\FileHandler' driver.
INFO - 2024-11-09 07:29:58 --> Session: Class initialized using 'CodeIgniter\Session\Handlers\FileHandler' driver.
INFO - 2024-11-09 07:30:20 --> Session: Class initialized using 'CodeIgniter\Session\Handlers\FileHandler' driver.
INFO - 2024-11-09 07:30:21 --> Session: Class initialized using 'CodeIgniter\Session\Handlers\FileHandler' driver.
INFO - 2024-11-09 07:30:21 --> Session: Class initialized using 'CodeIgniter\Session\Handlers\FileHandler' driver.
INFO - 2024-11-09 07:30:21 --> Session: Class initialized using 'CodeIgniter\Session\Handlers\FileHandler' driver.
INFO - 2024-11-09 07:30:22 --> Session: Class initialized using 'CodeIgniter\Session\Handlers\FileHandler' driver.
INFO - 2024-11-09 07:30:22 --> Session: Class initialized using 'CodeIgniter\Session\Handlers\FileHandler' driver.
INFO - 2024-11-09 07:30:22 --> Session: Class initialized using 'CodeIgniter\Session\Handlers\FileHandler' driver.
INFO - 2024-11-09 07:30:24 --> Session: Class initialized using 'CodeIgniter\Session\Handlers\FileHandler' driver.
INFO - 2024-11-09 07:30:24 --> Session: Class initialized using 'CodeIgniter\Session\Handlers\FileHandler' driver.
INFO - 2024-11-09 07:30:24 --> Session: Class initialized using 'CodeIgniter\Session\Handlers\FileHandler' driver.
INFO - 2024-11-09 07:31:00 --> Session: Class initialized using 'CodeIgniter\Session\Handlers\FileHandler' driver.
INFO - 2024-11-09 07:31:02 --> Session: Class initialized using 'CodeIgniter\Session\Handlers\FileHandler' driver.
INFO - 2024-11-09 07:31:02 --> Session: Class initialized using 'CodeIgniter\Session\Handlers\FileHandler' driver.
INFO - 2024-11-09 07:31:02 --> Session: Class initialized using 'CodeIgniter\Session\Handlers\FileHandler' driver.
INFO - 2024-11-09 07:31:06 --> Session: Class initialized using 'CodeIgniter\Session\Handlers\FileHandler' driver.
INFO - 2024-11-09 07:31:06 --> Session: Class initialized using 'CodeIgniter\Session\Handlers\FileHandler' driver.
INFO - 2024-11-09 07:31:07 --> Session: Class initialized using 'CodeIgniter\Session\Handlers\FileHandler' driver.
INFO - 2024-11-09 07:31:07 --> Session: Class initialized using 'CodeIgniter\Session\Handlers\FileHandler' driver.
INFO - 2024-11-09 07:31:09 --> Session: Class initialized using 'CodeIgniter\Session\Handlers\FileHandler' driver.
INFO - 2024-11-09 07:31:15 --> Session: Class initialized using 'CodeIgniter\Session\Handlers\FileHandler' driver.
INFO - 2024-11-09 07:31:15 --> Session: Class initialized using 'CodeIgniter\Session\Handlers\FileHandler' driver.
INFO - 2024-11-09 07:31:19 --> Session: Class initialized using 'CodeIgniter\Session\Handlers\FileHandler' driver.
INFO - 2024-11-09 07:31:41 --> Session: Class initialized using 'CodeIgniter\Session\Handlers\FileHandler' driver.
INFO - 2024-11-09 07:31:43 --> Session: Class initialized using 'CodeIgniter\Session\Handlers\FileHandler' driver.
INFO - 2024-11-09 07:31:47 --> Session: Class initialized using 'CodeIgniter\Session\Handlers\FileHandler' driver.
INFO - 2024-11-09 07:31:48 --> Session: Class initialized using 'CodeIgniter\Session\Handlers\FileHandler' driver.
INFO - 2024-11-09 07:31:49 --> Session: Class initialized using 'CodeIgniter\Session\Handlers\FileHandler' driver.
INFO - 2024-11-09 07:31:53 --> Session: Class initialized using 'CodeIgniter\Session\Handlers\FileHandler' driver.
INFO - 2024-11-09 07:31:54 --> Session: Class initialized using 'CodeIgniter\Session\Handlers\FileHandler' driver.
INFO - 2024-11-09 07:32:04 --> Session: Class initialized using 'CodeIgniter\Session\Handlers\FileHandler' driver.
INFO - 2024-11-09 07:32:05 --> Session: Class initialized using 'CodeIgniter\Session\Handlers\FileHandler' driver.
INFO - 2024-11-09 07:32:07 --> Session: Class initialized using 'CodeIgniter\Session\Handlers\FileHandler' driver.
INFO - 2024-11-09 07:32:09 --> Session: Class initialized using 'CodeIgniter\Session\Handlers\FileHandler' driver.
INFO - 2024-11-09 07:32:12 --> Session: Class initialized using 'CodeIgniter\Session\Handlers\FileHandler' driver.
INFO - 2024-11-09 07:32:15 --> Session: Class initialized using 'CodeIgniter\Session\Handlers\FileHandler' driver.
INFO - 2024-11-09 07:32:17 --> Session: Class initialized using 'CodeIgniter\Session\Handlers\FileHandler' driver.
INFO - 2024-11-09 07:32:19 --> Session: Class initialized using 'CodeIgniter\Session\Handlers\FileHandler' driver.
INFO - 2024-11-09 07:32:20 --> Session: Class initialized using 'CodeIgniter\Session\Handlers\FileHandler' driver.
INFO - 2024-11-09 07:32:24 --> Session: Class initialized using 'CodeIgniter\Session\Handlers\FileHandler' driver.
INFO - 2024-11-09 07:33:52 --> Session: Class initialized using 'CodeIgniter\Session\Handlers\FileHandler' driver.
INFO - 2024-11-09 07:33:53 --> Session: Class initialized using 'CodeIgniter\Session\Handlers\FileHandler' driver.
INFO - 2024-11-09 07:34:29 --> Session: Class initialized using 'CodeIgniter\Session\Handlers\FileHandler' driver.
CRITICAL - 2024-11-09 07:34:29 --> ErrorException: Undefined variable $completeCartItems
[Method: GET, Route: keranjang]
in APPPATH\Views\user\keranjang.php on line 290.
 1 APPPATH\Views\user\keranjang.php(290): CodeIgniter\Debug\Exceptions->errorHandler(2, 'Undefined variable $completeCartItems', 'C:\\xampp 8.1.6\\htdocs\\WEB2\\e-commerce\\app\\Views\\user\\keranjang.php', 290)
 2 SYSTEMPATH\View\View.php(234): include('C:\\xampp 8.1.6\\htdocs\\WEB2\\e-commerce\\app\\Views\\user\\keranjang.php')
 3 SYSTEMPATH\View\View.php(237): CodeIgniter\View\View->CodeIgniter\View\{closure}()
 4 SYSTEMPATH\Common.php(1171): CodeIgniter\View\View->render('user/keranjang', [], true)
 5 APPPATH\Controllers\LoginUsers.php(359): view('user/keranjang', [...])
 6 SYSTEMPATH\CodeIgniter.php(933): App\Controllers\LoginUsers->keranjang()
 7 SYSTEMPATH\CodeIgniter.php(509): CodeIgniter\CodeIgniter->runController(Object(App\Controllers\LoginUsers))
 8 SYSTEMPATH\CodeIgniter.php(355): CodeIgniter\CodeIgniter->handleRequest(null, Object(Config\Cache), false)
 9 SYSTEMPATH\Boot.php(325): CodeIgniter\CodeIgniter->run()
10 SYSTEMPATH\Boot.php(67): CodeIgniter\Boot::runCodeIgniter(Object(CodeIgniter\CodeIgniter))
11 FCPATH\index.php(56): CodeIgniter\Boot::bootWeb(Object(Config\Paths))
12 SYSTEMPATH\rewrite.php(44): require_once('C:\\xampp 8.1.6\\htdocs\\WEB2\\e-commerce\\public\\index.php')
INFO - 2024-11-09 07:34:30 --> Session: Class initialized using 'CodeIgniter\Session\Handlers\FileHandler' driver.
CRITICAL - 2024-11-09 07:34:30 --> ErrorException: Undefined variable $completeCartItems
[Method: GET, Route: keranjang]
in APPPATH\Views\user\keranjang.php on line 290.
 1 APPPATH\Views\user\keranjang.php(290): CodeIgniter\Debug\Exceptions->errorHandler(2, 'Undefined variable $completeCartItems', 'C:\\xampp 8.1.6\\htdocs\\WEB2\\e-commerce\\app\\Views\\user\\keranjang.php', 290)
 2 SYSTEMPATH\View\View.php(234): include('C:\\xampp 8.1.6\\htdocs\\WEB2\\e-commerce\\app\\Views\\user\\keranjang.php')
 3 SYSTEMPATH\View\View.php(237): CodeIgniter\View\View->CodeIgniter\View\{closure}()
 4 SYSTEMPATH\Common.php(1171): CodeIgniter\View\View->render('user/keranjang', [], true)
 5 APPPATH\Controllers\LoginUsers.php(359): view('user/keranjang', [...])
 6 SYSTEMPATH\CodeIgniter.php(933): App\Controllers\LoginUsers->keranjang()
 7 SYSTEMPATH\CodeIgniter.php(509): CodeIgniter\CodeIgniter->runController(Object(App\Controllers\LoginUsers))
 8 SYSTEMPATH\CodeIgniter.php(355): CodeIgniter\CodeIgniter->handleRequest(null, Object(Config\Cache), false)
 9 SYSTEMPATH\Boot.php(325): CodeIgniter\CodeIgniter->run()
10 SYSTEMPATH\Boot.php(67): CodeIgniter\Boot::runCodeIgniter(Object(CodeIgniter\CodeIgniter))
11 FCPATH\index.php(56): CodeIgniter\Boot::bootWeb(Object(Config\Paths))
12 SYSTEMPATH\rewrite.php(44): require_once('C:\\xampp 8.1.6\\htdocs\\WEB2\\e-commerce\\public\\index.php')
INFO - 2024-11-09 07:36:32 --> Session: Class initialized using 'CodeIgniter\Session\Handlers\FileHandler' driver.
CRITICAL - 2024-11-09 07:36:33 --> ErrorException: Undefined variable $user
[Method: GET, Route: keranjang]
in APPPATH\Views\user\keranjang.php on line 290.
 1 APPPATH\Views\user\keranjang.php(290): CodeIgniter\Debug\Exceptions->errorHandler(2, 'Undefined variable $user', 'C:\\xampp 8.1.6\\htdocs\\WEB2\\e-commerce\\app\\Views\\user\\keranjang.php', 290)
 2 SYSTEMPATH\View\View.php(234): include('C:\\xampp 8.1.6\\htdocs\\WEB2\\e-commerce\\app\\Views\\user\\keranjang.php')
 3 SYSTEMPATH\View\View.php(237): CodeIgniter\View\View->CodeIgniter\View\{closure}()
 4 SYSTEMPATH\Common.php(1171): CodeIgniter\View\View->render('user/keranjang', [], true)
 5 APPPATH\Controllers\LoginUsers.php(359): view('user/keranjang', [...])
 6 SYSTEMPATH\CodeIgniter.php(933): App\Controllers\LoginUsers->keranjang()
 7 SYSTEMPATH\CodeIgniter.php(509): CodeIgniter\CodeIgniter->runController(Object(App\Controllers\LoginUsers))
 8 SYSTEMPATH\CodeIgniter.php(355): CodeIgniter\CodeIgniter->handleRequest(null, Object(Config\Cache), false)
 9 SYSTEMPATH\Boot.php(325): CodeIgniter\CodeIgniter->run()
10 SYSTEMPATH\Boot.php(67): CodeIgniter\Boot::runCodeIgniter(Object(CodeIgniter\CodeIgniter))
11 FCPATH\index.php(56): CodeIgniter\Boot::bootWeb(Object(Config\Paths))
12 SYSTEMPATH\rewrite.php(44): require_once('C:\\xampp 8.1.6\\htdocs\\WEB2\\e-commerce\\public\\index.php')
INFO - 2024-11-09 07:36:33 --> Session: Class initialized using 'CodeIgniter\Session\Handlers\FileHandler' driver.
CRITICAL - 2024-11-09 07:36:33 --> ErrorException: Undefined variable $user
[Method: GET, Route: keranjang]
in APPPATH\Views\user\keranjang.php on line 290.
 1 APPPATH\Views\user\keranjang.php(290): CodeIgniter\Debug\Exceptions->errorHandler(2, 'Undefined variable $user', 'C:\\xampp 8.1.6\\htdocs\\WEB2\\e-commerce\\app\\Views\\user\\keranjang.php', 290)
 2 SYSTEMPATH\View\View.php(234): include('C:\\xampp 8.1.6\\htdocs\\WEB2\\e-commerce\\app\\Views\\user\\keranjang.php')
 3 SYSTEMPATH\View\View.php(237): CodeIgniter\View\View->CodeIgniter\View\{closure}()
 4 SYSTEMPATH\Common.php(1171): CodeIgniter\View\View->render('user/keranjang', [], true)
 5 APPPATH\Controllers\LoginUsers.php(359): view('user/keranjang', [...])
 6 SYSTEMPATH\CodeIgniter.php(933): App\Controllers\LoginUsers->keranjang()
 7 SYSTEMPATH\CodeIgniter.php(509): CodeIgniter\CodeIgniter->runController(Object(App\Controllers\LoginUsers))
 8 SYSTEMPATH\CodeIgniter.php(355): CodeIgniter\CodeIgniter->handleRequest(null, Object(Config\Cache), false)
 9 SYSTEMPATH\Boot.php(325): CodeIgniter\CodeIgniter->run()
10 SYSTEMPATH\Boot.php(67): CodeIgniter\Boot::runCodeIgniter(Object(CodeIgniter\CodeIgniter))
11 FCPATH\index.php(56): CodeIgniter\Boot::bootWeb(Object(Config\Paths))
12 SYSTEMPATH\rewrite.php(44): require_once('C:\\xampp 8.1.6\\htdocs\\WEB2\\e-commerce\\public\\index.php')
INFO - 2024-11-09 07:36:42 --> Session: Class initialized using 'CodeIgniter\Session\Handlers\FileHandler' driver.
CRITICAL - 2024-11-09 07:36:42 --> ErrorException: Undefined variable $cartItems
[Method: GET, Route: keranjang]
in APPPATH\Views\user\keranjang.php on line 290.
 1 APPPATH\Views\user\keranjang.php(290): CodeIgniter\Debug\Exceptions->errorHandler(2, 'Undefined variable $cartItems', 'C:\\xampp 8.1.6\\htdocs\\WEB2\\e-commerce\\app\\Views\\user\\keranjang.php', 290)
 2 SYSTEMPATH\View\View.php(234): include('C:\\xampp 8.1.6\\htdocs\\WEB2\\e-commerce\\app\\Views\\user\\keranjang.php')
 3 SYSTEMPATH\View\View.php(237): CodeIgniter\View\View->CodeIgniter\View\{closure}()
 4 SYSTEMPATH\Common.php(1171): CodeIgniter\View\View->render('user/keranjang', [], true)
 5 APPPATH\Controllers\LoginUsers.php(359): view('user/keranjang', [...])
 6 SYSTEMPATH\CodeIgniter.php(933): App\Controllers\LoginUsers->keranjang()
 7 SYSTEMPATH\CodeIgniter.php(509): CodeIgniter\CodeIgniter->runController(Object(App\Controllers\LoginUsers))
 8 SYSTEMPATH\CodeIgniter.php(355): CodeIgniter\CodeIgniter->handleRequest(null, Object(Config\Cache), false)
 9 SYSTEMPATH\Boot.php(325): CodeIgniter\CodeIgniter->run()
10 SYSTEMPATH\Boot.php(67): CodeIgniter\Boot::runCodeIgniter(Object(CodeIgniter\CodeIgniter))
11 FCPATH\index.php(56): CodeIgniter\Boot::bootWeb(Object(Config\Paths))
12 SYSTEMPATH\rewrite.php(44): require_once('C:\\xampp 8.1.6\\htdocs\\WEB2\\e-commerce\\public\\index.php')
INFO - 2024-11-09 07:36:43 --> Session: Class initialized using 'CodeIgniter\Session\Handlers\FileHandler' driver.
CRITICAL - 2024-11-09 07:36:43 --> ErrorException: Undefined variable $cartItems
[Method: GET, Route: keranjang]
in APPPATH\Views\user\keranjang.php on line 290.
 1 APPPATH\Views\user\keranjang.php(290): CodeIgniter\Debug\Exceptions->errorHandler(2, 'Undefined variable $cartItems', 'C:\\xampp 8.1.6\\htdocs\\WEB2\\e-commerce\\app\\Views\\user\\keranjang.php', 290)
 2 SYSTEMPATH\View\View.php(234): include('C:\\xampp 8.1.6\\htdocs\\WEB2\\e-commerce\\app\\Views\\user\\keranjang.php')
 3 SYSTEMPATH\View\View.php(237): CodeIgniter\View\View->CodeIgniter\View\{closure}()
 4 SYSTEMPATH\Common.php(1171): CodeIgniter\View\View->render('user/keranjang', [], true)
 5 APPPATH\Controllers\LoginUsers.php(359): view('user/keranjang', [...])
 6 SYSTEMPATH\CodeIgniter.php(933): App\Controllers\LoginUsers->keranjang()
 7 SYSTEMPATH\CodeIgniter.php(509): CodeIgniter\CodeIgniter->runController(Object(App\Controllers\LoginUsers))
 8 SYSTEMPATH\CodeIgniter.php(355): CodeIgniter\CodeIgniter->handleRequest(null, Object(Config\Cache), false)
 9 SYSTEMPATH\Boot.php(325): CodeIgniter\CodeIgniter->run()
10 SYSTEMPATH\Boot.php(67): CodeIgniter\Boot::runCodeIgniter(Object(CodeIgniter\CodeIgniter))
11 FCPATH\index.php(56): CodeIgniter\Boot::bootWeb(Object(Config\Paths))
12 SYSTEMPATH\rewrite.php(44): require_once('C:\\xampp 8.1.6\\htdocs\\WEB2\\e-commerce\\public\\index.php')
INFO - 2024-11-09 07:38:20 --> Session: Class initialized using 'CodeIgniter\Session\Handlers\FileHandler' driver.
CRITICAL - 2024-11-09 07:38:21 --> ErrorException: Undefined array key "id"
[Method: GET, Route: keranjang]
in APPPATH\Views\user\keranjang.php on line 292.
 1 APPPATH\Views\user\keranjang.php(292): CodeIgniter\Debug\Exceptions->errorHandler(2, 'Undefined array key "id"', 'C:\\xampp 8.1.6\\htdocs\\WEB2\\e-commerce\\app\\Views\\user\\keranjang.php', 292)
 2 SYSTEMPATH\View\View.php(234): include('C:\\xampp 8.1.6\\htdocs\\WEB2\\e-commerce\\app\\Views\\user\\keranjang.php')
 3 SYSTEMPATH\View\View.php(237): CodeIgniter\View\View->CodeIgniter\View\{closure}()
 4 SYSTEMPATH\Common.php(1171): CodeIgniter\View\View->render('user/keranjang', [], true)
 5 APPPATH\Controllers\KeranjangController.php(79): view('user/keranjang', [...])
 6 SYSTEMPATH\CodeIgniter.php(933): App\Controllers\KeranjangController->keranjang()
 7 SYSTEMPATH\CodeIgniter.php(509): CodeIgniter\CodeIgniter->runController(Object(App\Controllers\KeranjangController))
 8 SYSTEMPATH\CodeIgniter.php(355): CodeIgniter\CodeIgniter->handleRequest(null, Object(Config\Cache), false)
 9 SYSTEMPATH\Boot.php(325): CodeIgniter\CodeIgniter->run()
10 SYSTEMPATH\Boot.php(67): CodeIgniter\Boot::runCodeIgniter(Object(CodeIgniter\CodeIgniter))
11 FCPATH\index.php(56): CodeIgniter\Boot::bootWeb(Object(Config\Paths))
12 SYSTEMPATH\rewrite.php(44): require_once('C:\\xampp 8.1.6\\htdocs\\WEB2\\e-commerce\\public\\index.php')
INFO - 2024-11-09 07:38:21 --> Session: Class initialized using 'CodeIgniter\Session\Handlers\FileHandler' driver.
CRITICAL - 2024-11-09 07:38:21 --> ErrorException: Undefined array key "id"
[Method: GET, Route: keranjang]
in APPPATH\Views\user\keranjang.php on line 292.
 1 APPPATH\Views\user\keranjang.php(292): CodeIgniter\Debug\Exceptions->errorHandler(2, 'Undefined array key "id"', 'C:\\xampp 8.1.6\\htdocs\\WEB2\\e-commerce\\app\\Views\\user\\keranjang.php', 292)
 2 SYSTEMPATH\View\View.php(234): include('C:\\xampp 8.1.6\\htdocs\\WEB2\\e-commerce\\app\\Views\\user\\keranjang.php')
 3 SYSTEMPATH\View\View.php(237): CodeIgniter\View\View->CodeIgniter\View\{closure}()
 4 SYSTEMPATH\Common.php(1171): CodeIgniter\View\View->render('user/keranjang', [], true)
 5 APPPATH\Controllers\KeranjangController.php(79): view('user/keranjang', [...])
 6 SYSTEMPATH\CodeIgniter.php(933): App\Controllers\KeranjangController->keranjang()
 7 SYSTEMPATH\CodeIgniter.php(509): CodeIgniter\CodeIgniter->runController(Object(App\Controllers\KeranjangController))
 8 SYSTEMPATH\CodeIgniter.php(355): CodeIgniter\CodeIgniter->handleRequest(null, Object(Config\Cache), false)
 9 SYSTEMPATH\Boot.php(325): CodeIgniter\CodeIgniter->run()
10 SYSTEMPATH\Boot.php(67): CodeIgniter\Boot::runCodeIgniter(Object(CodeIgniter\CodeIgniter))
11 FCPATH\index.php(56): CodeIgniter\Boot::bootWeb(Object(Config\Paths))
12 SYSTEMPATH\rewrite.php(44): require_once('C:\\xampp 8.1.6\\htdocs\\WEB2\\e-commerce\\public\\index.php')
INFO - 2024-11-09 07:38:43 --> Session: Class initialized using 'CodeIgniter\Session\Handlers\FileHandler' driver.
CRITICAL - 2024-11-09 07:38:43 --> ErrorException: Undefined array key "name"
[Method: GET, Route: keranjang]
in APPPATH\Views\user\keranjang.php on line 295.
 1 APPPATH\Views\user\keranjang.php(295): CodeIgniter\Debug\Exceptions->errorHandler(2, 'Undefined array key "name"', 'C:\\xampp 8.1.6\\htdocs\\WEB2\\e-commerce\\app\\Views\\user\\keranjang.php', 295)
 2 SYSTEMPATH\View\View.php(234): include('C:\\xampp 8.1.6\\htdocs\\WEB2\\e-commerce\\app\\Views\\user\\keranjang.php')
 3 SYSTEMPATH\View\View.php(237): CodeIgniter\View\View->CodeIgniter\View\{closure}()
 4 SYSTEMPATH\Common.php(1171): CodeIgniter\View\View->render('user/keranjang', [], true)
 5 APPPATH\Controllers\KeranjangController.php(79): view('user/keranjang', [...])
 6 SYSTEMPATH\CodeIgniter.php(933): App\Controllers\KeranjangController->keranjang()
 7 SYSTEMPATH\CodeIgniter.php(509): CodeIgniter\CodeIgniter->runController(Object(App\Controllers\KeranjangController))
 8 SYSTEMPATH\CodeIgniter.php(355): CodeIgniter\CodeIgniter->handleRequest(null, Object(Config\Cache), false)
 9 SYSTEMPATH\Boot.php(325): CodeIgniter\CodeIgniter->run()
10 SYSTEMPATH\Boot.php(67): CodeIgniter\Boot::runCodeIgniter(Object(CodeIgniter\CodeIgniter))
11 FCPATH\index.php(56): CodeIgniter\Boot::bootWeb(Object(Config\Paths))
12 SYSTEMPATH\rewrite.php(44): require_once('C:\\xampp 8.1.6\\htdocs\\WEB2\\e-commerce\\public\\index.php')
INFO - 2024-11-09 07:38:53 --> Session: Class initialized using 'CodeIgniter\Session\Handlers\FileHandler' driver.
CRITICAL - 2024-11-09 07:38:53 --> ErrorException: Undefined array key "name"
[Method: GET, Route: keranjang]
in APPPATH\Views\user\keranjang.php on line 295.
 1 APPPATH\Views\user\keranjang.php(295): CodeIgniter\Debug\Exceptions->errorHandler(2, 'Undefined array key "name"', 'C:\\xampp 8.1.6\\htdocs\\WEB2\\e-commerce\\app\\Views\\user\\keranjang.php', 295)
 2 SYSTEMPATH\View\View.php(234): include('C:\\xampp 8.1.6\\htdocs\\WEB2\\e-commerce\\app\\Views\\user\\keranjang.php')
 3 SYSTEMPATH\View\View.php(237): CodeIgniter\View\View->CodeIgniter\View\{closure}()
 4 SYSTEMPATH\Common.php(1171): CodeIgniter\View\View->render('user/keranjang', [], true)
 5 APPPATH\Controllers\KeranjangController.php(79): view('user/keranjang', [...])
 6 SYSTEMPATH\CodeIgniter.php(933): App\Controllers\KeranjangController->keranjang()
 7 SYSTEMPATH\CodeIgniter.php(509): CodeIgniter\CodeIgniter->runController(Object(App\Controllers\KeranjangController))
 8 SYSTEMPATH\CodeIgniter.php(355): CodeIgniter\CodeIgniter->handleRequest(null, Object(Config\Cache), false)
 9 SYSTEMPATH\Boot.php(325): CodeIgniter\CodeIgniter->run()
10 SYSTEMPATH\Boot.php(67): CodeIgniter\Boot::runCodeIgniter(Object(CodeIgniter\CodeIgniter))
11 FCPATH\index.php(56): CodeIgniter\Boot::bootWeb(Object(Config\Paths))
12 SYSTEMPATH\rewrite.php(44): require_once('C:\\xampp 8.1.6\\htdocs\\WEB2\\e-commerce\\public\\index.php')
INFO - 2024-11-09 07:38:53 --> Session: Class initialized using 'CodeIgniter\Session\Handlers\FileHandler' driver.
CRITICAL - 2024-11-09 07:38:53 --> ErrorException: Undefined array key "name"
[Method: GET, Route: keranjang]
in APPPATH\Views\user\keranjang.php on line 295.
 1 APPPATH\Views\user\keranjang.php(295): CodeIgniter\Debug\Exceptions->errorHandler(2, 'Undefined array key "name"', 'C:\\xampp 8.1.6\\htdocs\\WEB2\\e-commerce\\app\\Views\\user\\keranjang.php', 295)
 2 SYSTEMPATH\View\View.php(234): include('C:\\xampp 8.1.6\\htdocs\\WEB2\\e-commerce\\app\\Views\\user\\keranjang.php')
 3 SYSTEMPATH\View\View.php(237): CodeIgniter\View\View->CodeIgniter\View\{closure}()
 4 SYSTEMPATH\Common.php(1171): CodeIgniter\View\View->render('user/keranjang', [], true)
 5 APPPATH\Controllers\KeranjangController.php(79): view('user/keranjang', [...])
 6 SYSTEMPATH\CodeIgniter.php(933): App\Controllers\KeranjangController->keranjang()
 7 SYSTEMPATH\CodeIgniter.php(509): CodeIgniter\CodeIgniter->runController(Object(App\Controllers\KeranjangController))
 8 SYSTEMPATH\CodeIgniter.php(355): CodeIgniter\CodeIgniter->handleRequest(null, Object(Config\Cache), false)
 9 SYSTEMPATH\Boot.php(325): CodeIgniter\CodeIgniter->run()
10 SYSTEMPATH\Boot.php(67): CodeIgniter\Boot::runCodeIgniter(Object(CodeIgniter\CodeIgniter))
11 FCPATH\index.php(56): CodeIgniter\Boot::bootWeb(Object(Config\Paths))
12 SYSTEMPATH\rewrite.php(44): require_once('C:\\xampp 8.1.6\\htdocs\\WEB2\\e-commerce\\public\\index.php')
INFO - 2024-11-09 07:39:00 --> Session: Class initialized using 'CodeIgniter\Session\Handlers\FileHandler' driver.
CRITICAL - 2024-11-09 07:39:00 --> ErrorException: Undefined array key "price"
[Method: GET, Route: keranjang]
in APPPATH\Views\user\keranjang.php on line 299.
 1 APPPATH\Views\user\keranjang.php(299): CodeIgniter\Debug\Exceptions->errorHandler(2, 'Undefined array key "price"', 'C:\\xampp 8.1.6\\htdocs\\WEB2\\e-commerce\\app\\Views\\user\\keranjang.php', 299)
 2 SYSTEMPATH\View\View.php(234): include('C:\\xampp 8.1.6\\htdocs\\WEB2\\e-commerce\\app\\Views\\user\\keranjang.php')
 3 SYSTEMPATH\View\View.php(237): CodeIgniter\View\View->CodeIgniter\View\{closure}()
 4 SYSTEMPATH\Common.php(1171): CodeIgniter\View\View->render('user/keranjang', [], true)
 5 APPPATH\Controllers\KeranjangController.php(79): view('user/keranjang', [...])
 6 SYSTEMPATH\CodeIgniter.php(933): App\Controllers\KeranjangController->keranjang()
 7 SYSTEMPATH\CodeIgniter.php(509): CodeIgniter\CodeIgniter->runController(Object(App\Controllers\KeranjangController))
 8 SYSTEMPATH\CodeIgniter.php(355): CodeIgniter\CodeIgniter->handleRequest(null, Object(Config\Cache), false)
 9 SYSTEMPATH\Boot.php(325): CodeIgniter\CodeIgniter->run()
10 SYSTEMPATH\Boot.php(67): CodeIgniter\Boot::runCodeIgniter(Object(CodeIgniter\CodeIgniter))
11 FCPATH\index.php(56): CodeIgniter\Boot::bootWeb(Object(Config\Paths))
12 SYSTEMPATH\rewrite.php(44): require_once('C:\\xampp 8.1.6\\htdocs\\WEB2\\e-commerce\\public\\index.php')
INFO - 2024-11-09 07:39:01 --> Session: Class initialized using 'CodeIgniter\Session\Handlers\FileHandler' driver.
CRITICAL - 2024-11-09 07:39:01 --> ErrorException: Undefined array key "price"
[Method: GET, Route: keranjang]
in APPPATH\Views\user\keranjang.php on line 299.
 1 APPPATH\Views\user\keranjang.php(299): CodeIgniter\Debug\Exceptions->errorHandler(2, 'Undefined array key "price"', 'C:\\xampp 8.1.6\\htdocs\\WEB2\\e-commerce\\app\\Views\\user\\keranjang.php', 299)
 2 SYSTEMPATH\View\View.php(234): include('C:\\xampp 8.1.6\\htdocs\\WEB2\\e-commerce\\app\\Views\\user\\keranjang.php')
 3 SYSTEMPATH\View\View.php(237): CodeIgniter\View\View->CodeIgniter\View\{closure}()
 4 SYSTEMPATH\Common.php(1171): CodeIgniter\View\View->render('user/keranjang', [], true)
 5 APPPATH\Controllers\KeranjangController.php(79): view('user/keranjang', [...])
 6 SYSTEMPATH\CodeIgniter.php(933): App\Controllers\KeranjangController->keranjang()
 7 SYSTEMPATH\CodeIgniter.php(509): CodeIgniter\CodeIgniter->runController(Object(App\Controllers\KeranjangController))
 8 SYSTEMPATH\CodeIgniter.php(355): CodeIgniter\CodeIgniter->handleRequest(null, Object(Config\Cache), false)
 9 SYSTEMPATH\Boot.php(325): CodeIgniter\CodeIgniter->run()
10 SYSTEMPATH\Boot.php(67): CodeIgniter\Boot::runCodeIgniter(Object(CodeIgniter\CodeIgniter))
11 FCPATH\index.php(56): CodeIgniter\Boot::bootWeb(Object(Config\Paths))
12 SYSTEMPATH\rewrite.php(44): require_once('C:\\xampp 8.1.6\\htdocs\\WEB2\\e-commerce\\public\\index.php')
INFO - 2024-11-09 07:39:34 --> Session: Class initialized using 'CodeIgniter\Session\Handlers\FileHandler' driver.
INFO - 2024-11-09 07:40:37 --> Session: Class initialized using 'CodeIgniter\Session\Handlers\FileHandler' driver.
INFO - 2024-11-09 07:48:17 --> Session: Class initialized using 'CodeIgniter\Session\Handlers\FileHandler' driver.
INFO - 2024-11-09 08:50:24 --> Session: Class initialized using 'CodeIgniter\Session\Handlers\FileHandler' driver.
INFO - 2024-11-09 08:50:55 --> Session: Class initialized using 'CodeIgniter\Session\Handlers\FileHandler' driver.
INFO - 2024-11-09 08:52:58 --> Session: Class initialized using 'CodeIgniter\Session\Handlers\FileHandler' driver.
INFO - 2024-11-09 08:52:59 --> Session: Class initialized using 'CodeIgniter\Session\Handlers\FileHandler' driver.
INFO - 2024-11-09 08:53:08 --> Session: Class initialized using 'CodeIgniter\Session\Handlers\FileHandler' driver.
INFO - 2024-11-09 08:53:10 --> Session: Class initialized using 'CodeIgniter\Session\Handlers\FileHandler' driver.
INFO - 2024-11-09 08:53:11 --> Session: Class initialized using 'CodeIgniter\Session\Handlers\FileHandler' driver.
INFO - 2024-11-09 08:53:12 --> Session: Class initialized using 'CodeIgniter\Session\Handlers\FileHandler' driver.
INFO - 2024-11-09 08:53:12 --> Session: Class initialized using 'CodeIgniter\Session\Handlers\FileHandler' driver.
INFO - 2024-11-09 08:53:12 --> Session: Class initialized using 'CodeIgniter\Session\Handlers\FileHandler' driver.
INFO - 2024-11-09 08:53:12 --> Session: Class initialized using 'CodeIgniter\Session\Handlers\FileHandler' driver.
INFO - 2024-11-09 08:53:12 --> Session: Class initialized using 'CodeIgniter\Session\Handlers\FileHandler' driver.
INFO - 2024-11-09 08:53:27 --> Session: Class initialized using 'CodeIgniter\Session\Handlers\FileHandler' driver.
INFO - 2024-11-09 09:10:35 --> Session: Class initialized using 'CodeIgniter\Session\Handlers\FileHandler' driver.
INFO - 2024-11-09 09:10:36 --> Session: Class initialized using 'CodeIgniter\Session\Handlers\FileHandler' driver.
INFO - 2024-11-09 09:11:48 --> Session: Class initialized using 'CodeIgniter\Session\Handlers\FileHandler' driver.
INFO - 2024-11-09 09:11:54 --> Session: Class initialized using 'CodeIgniter\Session\Handlers\FileHandler' driver.
INFO - 2024-11-09 09:11:56 --> Session: Class initialized using 'CodeIgniter\Session\Handlers\FileHandler' driver.
INFO - 2024-11-09 09:11:56 --> Session: Class initialized using 'CodeIgniter\Session\Handlers\FileHandler' driver.
INFO - 2024-11-09 09:11:59 --> Session: Class initialized using 'CodeIgniter\Session\Handlers\FileHandler' driver.
INFO - 2024-11-09 09:11:59 --> Session: Class initialized using 'CodeIgniter\Session\Handlers\FileHandler' driver.
INFO - 2024-11-09 09:12:02 --> Session: Class initialized using 'CodeIgniter\Session\Handlers\FileHandler' driver.
INFO - 2024-11-09 09:12:11 --> Session: Class initialized using 'CodeIgniter\Session\Handlers\FileHandler' driver.
INFO - 2024-11-09 09:12:11 --> Session: Class initialized using 'CodeIgniter\Session\Handlers\FileHandler' driver.
INFO - 2024-11-09 09:12:13 --> Session: Class initialized using 'CodeIgniter\Session\Handlers\FileHandler' driver.
INFO - 2024-11-09 09:12:15 --> Session: Class initialized using 'CodeIgniter\Session\Handlers\FileHandler' driver.
INFO - 2024-11-09 09:13:15 --> Session: Class initialized using 'CodeIgniter\Session\Handlers\FileHandler' driver.
INFO - 2024-11-09 09:13:32 --> Session: Class initialized using 'CodeIgniter\Session\Handlers\FileHandler' driver.
INFO - 2024-11-09 09:13:50 --> Session: Class initialized using 'CodeIgniter\Session\Handlers\FileHandler' driver.
INFO - 2024-11-09 09:13:58 --> Session: Class initialized using 'CodeIgniter\Session\Handlers\FileHandler' driver.
INFO - 2024-11-09 09:14:05 --> Session: Class initialized using 'CodeIgniter\Session\Handlers\FileHandler' driver.
INFO - 2024-11-09 09:14:05 --> Session: Class initialized using 'CodeIgniter\Session\Handlers\FileHandler' driver.
INFO - 2024-11-09 09:14:13 --> Session: Class initialized using 'CodeIgniter\Session\Handlers\FileHandler' driver.
INFO - 2024-11-09 09:15:11 --> Session: Class initialized using 'CodeIgniter\Session\Handlers\FileHandler' driver.
INFO - 2024-11-09 09:15:22 --> Session: Class initialized using 'CodeIgniter\Session\Handlers\FileHandler' driver.
INFO - 2024-11-09 09:15:33 --> Session: Class initialized using 'CodeIgniter\Session\Handlers\FileHandler' driver.
DEBUG - 2024-11-09 09:15:33 --> Received POST data: {"products":"[{\"productId\":\"1\",\"quantity\":\"1\"}]","alamatKirim":"Batang, subah"}
DEBUG - 2024-11-09 09:15:33 --> Received FILES data: {"buktiTf":{}}
DEBUG - 2024-11-09 09:15:33 --> File uploaded successfully: 1731143733_4cc2064fea31dc72d41d.png
DEBUG - 2024-11-09 09:15:33 --> Decoded products: [{"productId":"1","quantity":"1"}]
DEBUG - 2024-11-09 09:15:33 --> Processing product: {"productId":"1","quantity":"1"}
ERROR - 2024-11-09 09:15:33 --> Transaction error: Product not found: 1
ERROR - 2024-11-09 09:15:33 --> Stack trace: #0 C:\xampp 8.1.6\htdocs\WEB2\e-commerce\vendor\codeigniter4\framework\system\CodeIgniter.php(933): App\Controllers\KeranjangController->save()
#1 C:\xampp 8.1.6\htdocs\WEB2\e-commerce\vendor\codeigniter4\framework\system\CodeIgniter.php(509): CodeIgniter\CodeIgniter->runController(Object(App\Controllers\KeranjangController))
#2 C:\xampp 8.1.6\htdocs\WEB2\e-commerce\vendor\codeigniter4\framework\system\CodeIgniter.php(355): CodeIgniter\CodeIgniter->handleRequest(NULL, Object(Config\Cache), false)
#3 C:\xampp 8.1.6\htdocs\WEB2\e-commerce\vendor\codeigniter4\framework\system\Boot.php(325): CodeIgniter\CodeIgniter->run()
#4 C:\xampp 8.1.6\htdocs\WEB2\e-commerce\vendor\codeigniter4\framework\system\Boot.php(67): CodeIgniter\Boot::runCodeIgniter(Object(CodeIgniter\CodeIgniter))
#5 C:\xampp 8.1.6\htdocs\WEB2\e-commerce\public\index.php(56): CodeIgniter\Boot::bootWeb(Object(Config\Paths))
#6 C:\xampp 8.1.6\htdocs\WEB2\e-commerce\vendor\codeigniter4\framework\system\rewrite.php(44): require_once('C:\\xampp 8.1.6\\...')
#7 {main}
INFO - 2024-11-09 09:21:25 --> Session: Class initialized using 'CodeIgniter\Session\Handlers\FileHandler' driver.
INFO - 2024-11-09 09:24:47 --> Session: Class initialized using 'CodeIgniter\Session\Handlers\FileHandler' driver.
DEBUG - 2024-11-09 09:24:47 --> Received POST data: {"products":"[{\"productId\":\"19\",\"quantity\":\"1\"}]","alamatKirim":"Batang, subah"}
DEBUG - 2024-11-09 09:24:47 --> Received FILES data: {"buktiTf":{}}
DEBUG - 2024-11-09 09:24:47 --> File uploaded successfully: 1731144287_ee105cd4ed500e7978a6.png
DEBUG - 2024-11-09 09:24:47 --> Decoded products: [{"productId":"19","quantity":"1"}]
DEBUG - 2024-11-09 09:24:47 --> Product verified: 19
DEBUG - 2024-11-09 09:24:47 --> Processing product: {"productId":"19","quantity":"1"}
DEBUG - 2024-11-09 09:24:47 --> Inserting transaction: {"user_id":"30","product_id":"19","quantity":"1","total_price":10000,"status":"Pending","order_date":"2024-11-09 09:24:47","bukti_tf":"1731144287_ee105cd4ed500e7978a6.png","alamat_kirim":"Batang, subah"}
DEBUG - 2024-11-09 09:24:47 --> Deleting cart items: ["19"]
INFO - 2024-11-09 09:24:48 --> Session: Class initialized using 'CodeIgniter\Session\Handlers\FileHandler' driver.
INFO - 2024-11-09 09:24:52 --> Session: Class initialized using 'CodeIgniter\Session\Handlers\FileHandler' driver.
INFO - 2024-11-09 09:25:20 --> Session: Class initialized using 'CodeIgniter\Session\Handlers\FileHandler' driver.
INFO - 2024-11-09 09:25:30 --> Session: Class initialized using 'CodeIgniter\Session\Handlers\FileHandler' driver.
DEBUG - 2024-11-09 09:25:30 --> Received POST data: {"products":"[{\"productId\":\"17\",\"quantity\":\"1\"},{\"productId\":\"17\",\"quantity\":\"1\"}]","alamatKirim":"Batang, subah"}
DEBUG - 2024-11-09 09:25:30 --> Received FILES data: {"buktiTf":{}}
DEBUG - 2024-11-09 09:25:30 --> File uploaded successfully: 1731144330_bd7235ca4966360e6d31.png
DEBUG - 2024-11-09 09:25:30 --> Decoded products: [{"productId":"17","quantity":"1"},{"productId":"17","quantity":"1"}]
DEBUG - 2024-11-09 09:25:30 --> Product verified: 17
DEBUG - 2024-11-09 09:25:30 --> Product verified: 17
DEBUG - 2024-11-09 09:25:30 --> Processing product: {"productId":"17","quantity":"1"}
DEBUG - 2024-11-09 09:25:30 --> Inserting transaction: {"user_id":"30","product_id":"17","quantity":"1","total_price":15000,"status":"Pending","order_date":"2024-11-09 09:25:30","bukti_tf":"1731144330_bd7235ca4966360e6d31.png","alamat_kirim":"Batang, subah"}
DEBUG - 2024-11-09 09:25:30 --> Processing product: {"productId":"17","quantity":"1"}
DEBUG - 2024-11-09 09:25:30 --> Inserting transaction: {"user_id":"30","product_id":"17","quantity":"1","total_price":15000,"status":"Pending","order_date":"2024-11-09 09:25:30","bukti_tf":"1731144330_bd7235ca4966360e6d31.png","alamat_kirim":"Batang, subah"}
DEBUG - 2024-11-09 09:25:30 --> Deleting cart items: ["17","17"]
INFO - 2024-11-09 09:25:31 --> Session: Class initialized using 'CodeIgniter\Session\Handlers\FileHandler' driver.
INFO - 2024-11-09 09:25:33 --> Session: Class initialized using 'CodeIgniter\Session\Handlers\FileHandler' driver.
INFO - 2024-11-09 09:26:17 --> Session: Class initialized using 'CodeIgniter\Session\Handlers\FileHandler' driver.
INFO - 2024-11-09 09:26:17 --> Session: Class initialized using 'CodeIgniter\Session\Handlers\FileHandler' driver.
INFO - 2024-11-09 09:26:23 --> Session: Class initialized using 'CodeIgniter\Session\Handlers\FileHandler' driver.
INFO - 2024-11-09 09:26:23 --> Session: Class initialized using 'CodeIgniter\Session\Handlers\FileHandler' driver.
INFO - 2024-11-09 09:26:28 --> Session: Class initialized using 'CodeIgniter\Session\Handlers\FileHandler' driver.
INFO - 2024-11-09 09:26:28 --> Session: Class initialized using 'CodeIgniter\Session\Handlers\FileHandler' driver.
INFO - 2024-11-09 09:26:32 --> Session: Class initialized using 'CodeIgniter\Session\Handlers\FileHandler' driver.
INFO - 2024-11-09 09:26:33 --> Session: Class initialized using 'CodeIgniter\Session\Handlers\FileHandler' driver.
INFO - 2024-11-09 09:26:39 --> Session: Class initialized using 'CodeIgniter\Session\Handlers\FileHandler' driver.
INFO - 2024-11-09 09:26:39 --> Session: Class initialized using 'CodeIgniter\Session\Handlers\FileHandler' driver.
INFO - 2024-11-09 09:26:58 --> Session: Class initialized using 'CodeIgniter\Session\Handlers\FileHandler' driver.
INFO - 2024-11-09 09:26:58 --> Session: Class initialized using 'CodeIgniter\Session\Handlers\FileHandler' driver.
INFO - 2024-11-09 09:27:06 --> Session: Class initialized using 'CodeIgniter\Session\Handlers\FileHandler' driver.
INFO - 2024-11-09 09:27:16 --> Session: Class initialized using 'CodeIgniter\Session\Handlers\FileHandler' driver.
INFO - 2024-11-09 09:27:16 --> Session: Class initialized using 'CodeIgniter\Session\Handlers\FileHandler' driver.
INFO - 2024-11-09 09:27:19 --> Session: Class initialized using 'CodeIgniter\Session\Handlers\FileHandler' driver.
